<?xml version="1.0" encoding="UTF-8"?>
<robot generator="Robot 5.0 (Python 3.10.4 on win32)" generated="20220614 09:26:38.285" rpa="false" schemaversion="3">
<suite id="s1" name="buscaIn" source="C:\Faculdade COBRA\Q.A\LinkedIn\test-case\buscaIn.robot">
<kw name="abrir navegador" library="resource" type="SETUP">
<kw name="Open Browser" library="SeleniumLibrary">
<arg>url:</arg>
<arg>chrome</arg>
<doc>Opens a new browser instance to the optional ``url``.</doc>
<msg timestamp="20220614 09:26:38.500" level="INFO">Opening browser 'chrome' to base url 'url:'.</msg>
<status status="PASS" starttime="20220614 09:26:38.499" endtime="20220614 09:26:39.650"/>
</kw>
<status status="PASS" starttime="20220614 09:26:38.499" endtime="20220614 09:26:39.650"/>
</kw>
<test id="s1-t1" name="Cenário 1 - Consulta de usuário que consta na base de dados" line="8">
<kw name="que estou na página home do LinkedIn deslogado" library="resource">
<kw name="Go To" library="SeleniumLibrary">
<arg>https://br.linkedin.com/</arg>
<doc>Navigates the current browser window to the provided ``url``.</doc>
<msg timestamp="20220614 09:26:39.652" level="INFO">Opening url 'https://br.linkedin.com/'</msg>
<status status="PASS" starttime="20220614 09:26:39.652" endtime="20220614 09:26:40.366"/>
</kw>
<status status="PASS" starttime="20220614 09:26:39.651" endtime="20220614 09:26:40.366"/>
</kw>
<kw name="clico no botão pessoas" library="resource">
<kw name="Click Element" library="SeleniumLibrary">
<arg>//span[contains(.,'Pessoas')]</arg>
<doc>Click the element identified by ``locator``.</doc>
<msg timestamp="20220614 09:26:40.367" level="INFO">Clicking element '//span[contains(.,'Pessoas')]'.</msg>
<status status="PASS" starttime="20220614 09:26:40.367" endtime="20220614 09:26:40.955"/>
</kw>
<status status="PASS" starttime="20220614 09:26:40.367" endtime="20220614 09:26:40.955"/>
</kw>
<kw name="seleciono a opção “pessoas”" library="resource">
<kw name="Click Element" library="SeleniumLibrary">
<arg>//button[contains(@class,'placeholder hide-on-mobile')]</arg>
<doc>Click the element identified by ``locator``.</doc>
<msg timestamp="20220614 09:26:40.956" level="INFO">Clicking element '//button[contains(@class,'placeholder hide-on-mobile')]'.</msg>
<status status="PASS" starttime="20220614 09:26:40.956" endtime="20220614 09:26:41.076"/>
</kw>
<status status="PASS" starttime="20220614 09:26:40.955" endtime="20220614 09:26:41.076"/>
</kw>
<kw name="seleciono a opção nome e escrevo um nome “Vanderlan” que consta na base de dados" library="resource" sourcename="seleciono a opção nome e escrevo um nome ${nome_valido} que consta na base de dados">
<kw name="Click Element" library="SeleniumLibrary">
<arg>//input[contains(@aria-label,'Nome')]</arg>
<doc>Click the element identified by ``locator``.</doc>
<msg timestamp="20220614 09:26:41.078" level="INFO">Clicking element '//input[contains(@aria-label,'Nome')]'.</msg>
<status status="PASS" starttime="20220614 09:26:41.077" endtime="20220614 09:26:41.113"/>
</kw>
<kw name="Input Text" library="SeleniumLibrary">
<arg>//input[contains(@aria-label,'Nome')]</arg>
<arg>${nome_valido}</arg>
<doc>Types the given ``text`` into the text field identified by ``locator``.</doc>
<msg timestamp="20220614 09:26:41.114" level="INFO">Typing text '“Vanderlan”' into text field '//input[contains(@aria-label,'Nome')]'.</msg>
<status status="PASS" starttime="20220614 09:26:41.114" endtime="20220614 09:26:41.155"/>
</kw>
<status status="PASS" starttime="20220614 09:26:41.077" endtime="20220614 09:26:41.155"/>
</kw>
<kw name="seleciono a opção sobrenome e escrevo um sobrenome “Alves” que consta na base de dados" library="resource" sourcename="seleciono a opção sobrenome e escrevo um sobrenome ${sobrenome_valido} que consta na base de dados">
<kw name="Click Element" library="SeleniumLibrary">
<arg>//input[contains(@aria-label,'Sobrenome')]</arg>
<doc>Click the element identified by ``locator``.</doc>
<msg timestamp="20220614 09:26:41.156" level="INFO">Clicking element '//input[contains(@aria-label,'Sobrenome')]'.</msg>
<status status="PASS" starttime="20220614 09:26:41.156" endtime="20220614 09:26:41.196"/>
</kw>
<kw name="Input Text" library="SeleniumLibrary">
<arg>//input[contains(@aria-label,'Sobrenome')]</arg>
<arg>${sobrenome_valido}</arg>
<doc>Types the given ``text`` into the text field identified by ``locator``.</doc>
<msg timestamp="20220614 09:26:41.197" level="INFO">Typing text '“Alves”' into text field '//input[contains(@aria-label,'Sobrenome')]'.</msg>
<status status="PASS" starttime="20220614 09:26:41.197" endtime="20220614 09:26:41.234"/>
</kw>
<status status="PASS" starttime="20220614 09:26:41.155" endtime="20220614 09:26:41.234"/>
</kw>
<kw name="realizo consulta" library="resource">
<kw name="Click Element" library="SeleniumLibrary">
<arg>(//icon[contains(@aria-hidden,'true')])[6]</arg>
<doc>Click the element identified by ``locator``.</doc>
<msg timestamp="20220614 09:26:41.235" level="INFO">Clicking element '(//icon[contains(@aria-hidden,'true')])[6]'.</msg>
<status status="PASS" starttime="20220614 09:26:41.235" endtime="20220614 09:26:41.890"/>
</kw>
<status status="PASS" starttime="20220614 09:26:41.234" endtime="20220614 09:26:41.890"/>
</kw>
<kw name="site apresenta resposta de filtro realizado com sucesso" library="resource">
<kw name="Wait Until Page Contains Element" library="SeleniumLibrary">
<arg>//div[contains(@class,'search-results-header')]</arg>
<doc>Waits until the element ``locator`` appears on the current page.</doc>
<status status="PASS" starttime="20220614 09:26:41.890" endtime="20220614 09:26:41.909"/>
</kw>
<status status="PASS" starttime="20220614 09:26:41.890" endtime="20220614 09:26:41.910"/>
</kw>
<status status="PASS" starttime="20220614 09:26:39.650" endtime="20220614 09:26:41.910"/>
</test>
<test id="s1-t2" name="Cenário 2 - Consulta de usuário que não consta na base de dados" line="24">
<kw name="que estou na página home do LinkedIn deslogado" library="resource">
<kw name="Go To" library="SeleniumLibrary">
<arg>https://br.linkedin.com/</arg>
<doc>Navigates the current browser window to the provided ``url``.</doc>
<msg timestamp="20220614 09:26:41.912" level="INFO">Opening url 'https://br.linkedin.com/'</msg>
<status status="PASS" starttime="20220614 09:26:41.911" endtime="20220614 09:26:42.334"/>
</kw>
<status status="PASS" starttime="20220614 09:26:41.911" endtime="20220614 09:26:42.334"/>
</kw>
<kw name="clico no botão pessoas" library="resource">
<kw name="Click Element" library="SeleniumLibrary">
<arg>//span[contains(.,'Pessoas')]</arg>
<doc>Click the element identified by ``locator``.</doc>
<msg timestamp="20220614 09:26:42.335" level="INFO">Clicking element '//span[contains(.,'Pessoas')]'.</msg>
<status status="PASS" starttime="20220614 09:26:42.335" endtime="20220614 09:26:42.704"/>
</kw>
<status status="PASS" starttime="20220614 09:26:42.334" endtime="20220614 09:26:42.704"/>
</kw>
<kw name="seleciono a opção “pessoas”" library="resource">
<kw name="Click Element" library="SeleniumLibrary">
<arg>//button[contains(@class,'placeholder hide-on-mobile')]</arg>
<doc>Click the element identified by ``locator``.</doc>
<msg timestamp="20220614 09:26:42.705" level="INFO">Clicking element '//button[contains(@class,'placeholder hide-on-mobile')]'.</msg>
<status status="PASS" starttime="20220614 09:26:42.705" endtime="20220614 09:26:42.739"/>
</kw>
<status status="PASS" starttime="20220614 09:26:42.705" endtime="20220614 09:26:42.739"/>
</kw>
<kw name="seleciono a opção nome e escrevo um nome “Vanderlan” que consta na base de dados" library="resource" sourcename="seleciono a opção nome e escrevo um nome ${nome_valido} que consta na base de dados">
<kw name="Click Element" library="SeleniumLibrary">
<arg>//input[contains(@aria-label,'Nome')]</arg>
<doc>Click the element identified by ``locator``.</doc>
<msg timestamp="20220614 09:26:42.740" level="INFO">Clicking element '//input[contains(@aria-label,'Nome')]'.</msg>
<status status="PASS" starttime="20220614 09:26:42.740" endtime="20220614 09:26:42.770"/>
</kw>
<kw name="Input Text" library="SeleniumLibrary">
<arg>//input[contains(@aria-label,'Nome')]</arg>
<arg>${nome_valido}</arg>
<doc>Types the given ``text`` into the text field identified by ``locator``.</doc>
<msg timestamp="20220614 09:26:42.771" level="INFO">Typing text '“Vanderlan”' into text field '//input[contains(@aria-label,'Nome')]'.</msg>
<status status="PASS" starttime="20220614 09:26:42.770" endtime="20220614 09:26:42.806"/>
</kw>
<status status="PASS" starttime="20220614 09:26:42.739" endtime="20220614 09:26:42.807"/>
</kw>
<kw name="seleciono a opção sobrenome e escrevo um sobrenome “Alves da Silva” que NAO consta na base de dados" library="resource" sourcename="seleciono a opção sobrenome e escrevo um sobrenome ${sobrenome_invalido} que NAO consta na base de dados">
<kw name="Click Element" library="SeleniumLibrary">
<arg>//input[contains(@aria-label,'Sobrenome')]</arg>
<doc>Click the element identified by ``locator``.</doc>
<msg timestamp="20220614 09:26:42.807" level="INFO">Clicking element '//input[contains(@aria-label,'Sobrenome')]'.</msg>
<status status="PASS" starttime="20220614 09:26:42.807" endtime="20220614 09:26:42.851"/>
</kw>
<kw name="Input Text" library="SeleniumLibrary">
<arg>//input[contains(@aria-label,'Sobrenome')]</arg>
<arg>${sobrenome_invalido}</arg>
<doc>Types the given ``text`` into the text field identified by ``locator``.</doc>
<msg timestamp="20220614 09:26:42.852" level="INFO">Typing text '“Alves da Silva”' into text field '//input[contains(@aria-label,'Sobrenome')]'.</msg>
<status status="PASS" starttime="20220614 09:26:42.852" endtime="20220614 09:26:42.892"/>
</kw>
<status status="PASS" starttime="20220614 09:26:42.807" endtime="20220614 09:26:42.892"/>
</kw>
<kw name="realizo consulta" library="resource">
<kw name="Click Element" library="SeleniumLibrary">
<arg>(//icon[contains(@aria-hidden,'true')])[6]</arg>
<doc>Click the element identified by ``locator``.</doc>
<msg timestamp="20220614 09:26:42.893" level="INFO">Clicking element '(//icon[contains(@aria-hidden,'true')])[6]'.</msg>
<status status="PASS" starttime="20220614 09:26:42.893" endtime="20220614 09:26:43.248"/>
</kw>
<status status="PASS" starttime="20220614 09:26:42.893" endtime="20220614 09:26:43.248"/>
</kw>
<kw name="site apresenta resposta de filtro de que não consta resultado na base de dados" library="resource">
<kw name="Wait Until Page Contains Element" library="SeleniumLibrary">
<arg>//h1[contains(@class,'main-title main-title')]</arg>
<doc>Waits until the element ``locator`` appears on the current page.</doc>
<status status="PASS" starttime="20220614 09:26:43.249" endtime="20220614 09:26:43.262"/>
</kw>
<status status="PASS" starttime="20220614 09:26:43.248" endtime="20220614 09:26:43.262"/>
</kw>
<status status="PASS" starttime="20220614 09:26:41.911" endtime="20220614 09:26:43.263"/>
</test>
<kw name="fechar navegador" library="resource" type="TEARDOWN">
<kw name="Close Browser" library="SeleniumLibrary">
<doc>Closes the current browser.</doc>
<status status="PASS" starttime="20220614 09:26:43.264" endtime="20220614 09:26:45.367"/>
</kw>
<status status="PASS" starttime="20220614 09:26:43.264" endtime="20220614 09:26:45.367"/>
</kw>
<status status="PASS" starttime="20220614 09:26:38.287" endtime="20220614 09:26:45.367"/>
</suite>
<statistics>
<total>
<stat pass="2" fail="0" skip="0">All Tests</stat>
</total>
<tag>
</tag>
<suite>
<stat pass="2" fail="0" skip="0" id="s1" name="buscaIn">buscaIn</stat>
</suite>
</statistics>
<errors>
</errors>
</robot>
